<?xml version="1.0" encoding="UTF-8"?>
<!--

    Copyright (C) 2009 eXo Platform SAS.

    This is free software; you can redistribute it and/or modify it
    under the terms of the GNU Lesser General Public License as
    published by the Free Software Foundation; either version 2.1 of
    the License, or (at your option) any later version.

    This software is distributed in the hope that it will be useful,
    but WITHOUT ANY WARRANTY; without even the implied warranty of
    MERCHANTABILITY or FITNESS FOR A PARTICULAR PURPOSE. See the GNU
    Lesser General Public License for more details.

    You should have received a copy of the GNU Lesser General Public
    License along with this software; if not, write to the Free
    Software Foundation, Inc., 51 Franklin St, Fifth Floor, Boston, MA
    02110-1301 USA, or see the FSF site: http://www.fsf.org.

-->
<infinispan
      xmlns:xsi="http://www.w3.org/2001/XMLSchema-instance"
      xsi:schemaLocation="urn:infinispan:config:5.2 http://www.infinispan.org/schemas/infinispan-config-5.2.xsd"
      xmlns="urn:infinispan:config:5.2">

    <global>
      <evictionScheduledExecutor factory="org.infinispan.executors.DefaultScheduledExecutorFactory">
        <properties>
          <property name="threadNamePrefix" value="EvictionThread"/>
        </properties>
      </evictionScheduledExecutor>

      <globalJmxStatistics jmxDomain="exo" enabled="true" allowDuplicateDomains="true"/>
    </global>

    <default>
      <locking isolationLevel="READ_COMMITTED" lockAcquisitionTimeout="20000" writeSkewCheck="false" concurrencyLevel="500" useLockStriping="false"/>
      <jmxStatistics enabled="true"/>
      <eviction strategy="LRU" threadPolicy="DEFAULT" maxEntries="100000"/>

      <loaders passivation="false" shared="true" preload="true">
        <store class="org.exoplatform.services.jcr.tokumx.TokuMXCacheStore" fetchPersistentState="true" ignoreModifications="false" purgeOnStartup="false">
          <properties>
             <property name="connectionURI" value="${infinispan-cl-cache.mongodb.connection.uri}"/>
             <property name="collectionName" value="${infinispan-cl-cache.mongodb.collection.name}"/>
          </properties>
          <async enabled="false"/>
        </store>
      </loaders>
   </default>

</infinispan>
